Using pre-set license
Built from '2020.3/staging' branch; Version is '2020.3.25f1 (9b9180224418) revision 10195328'; Using compiler version '192528614'; Build Type 'Release'
OS: 'Windows 10  (10.0.19043) 64bit Professional' Language: 'en' Physical Memory: 16320 MB
BatchMode: 1, IsHumanControllingUs: 0, StartBugReporterOnCrash: 0, Is64bit: 1, IsPro: 0

COMMAND LINE ARGUMENTS:
D:\Program Files\Unity\2020.3.25f1\Editor\Unity.exe
-adb2
-batchMode
-noUpm
-name
AssetImportWorker0
-projectPath
D:/Unity/Muscle Woman
-logFile
Logs/AssetImportWorker0.log
-srvPort
53489
Successfully changed project path to: D:/Unity/Muscle Woman
D:/Unity/Muscle Woman
Using Asset Import Pipeline V2.
Refreshing native plugins compatible for Editor in 35.98 ms, found 2 plugins.
Preloading 0 native plugins for Editor in 0.00 ms.
Initialize engine version: 2020.3.25f1 (9b9180224418)
[Subsystems] Discovering subsystems at path D:/Program Files/Unity/2020.3.25f1/Editor/Data/Resources/UnitySubsystems
[Subsystems] Discovering subsystems at path D:/Unity/Muscle Woman/Assets
GfxDevice: creating device client; threaded=0
Direct3D:
    Version:  Direct3D 11.0 [level 11.1]
    Renderer: NVIDIA GeForce GTX 1060 6GB (ID=0x1c03)
    Vendor:   
    VRAM:     6052 MB
    Driver:   27.21.14.5671
Initialize mono
Mono path[0] = 'D:/Program Files/Unity/2020.3.25f1/Editor/Data/Managed'
Mono path[1] = 'D:/Program Files/Unity/2020.3.25f1/Editor/Data/MonoBleedingEdge/lib/mono/unityjit'
Mono config path = 'D:/Program Files/Unity/2020.3.25f1/Editor/Data/MonoBleedingEdge/etc'
Using monoOptions --debugger-agent=transport=dt_socket,embedding=1,server=y,suspend=n,address=127.0.0.1:56188
Begin MonoManager ReloadAssembly
Registering precompiled unity dll's ...
Register platform support module: D:/Program Files/Unity/2020.3.25f1/Editor/Data/PlaybackEngines/WindowsStandaloneSupport/UnityEditor.WindowsStandalone.Extensions.dll
Registered in 0.145599 seconds.
Native extension for WindowsStandalone target not found
Refreshing native plugins compatible for Editor in 34.08 ms, found 2 plugins.
Preloading 0 native plugins for Editor in 0.00 ms.
Mono: successfully reloaded assembly
- Completed reload, in  3.890 seconds
Domain Reload Profiling:
	ReloadAssembly (3891ms)
		BeginReloadAssembly (2624ms)
			ExecutionOrderSort (0ms)
			DisableScriptedObjects (0ms)
			BackupInstance (0ms)
			ReleaseScriptingObjects (0ms)
			CreateAndSetChildDomain (1ms)
		EndReloadAssembly (939ms)
			LoadAssemblies (2628ms)
			RebuildTransferFunctionScriptingTraits (0ms)
			SetupTypeCache (450ms)
			ReleaseScriptCaches (0ms)
			RebuildScriptCaches (39ms)
			SetupLoadedEditorAssemblies (305ms)
				LogAssemblyErrors (0ms)
				InitializePlatformSupportModulesInManaged (5ms)
				SetLoadedEditorAssemblies (0ms)
				RefreshPlugins (34ms)
				BeforeProcessingInitializeOnLoad (142ms)
				ProcessInitializeOnLoadAttributes (90ms)
				ProcessInitializeOnLoadMethodAttributes (34ms)
				AfterProcessingInitializeOnLoad (0ms)
				EditorAssembliesLoaded (0ms)
			ExecutionOrderSort2 (0ms)
			AwakeInstancesAfterBackupRestoration (0ms)
Platform modules already initialized, skipping
Registering precompiled user dll's ...
Registered in 0.728030 seconds.
Begin MonoManager ReloadAssembly
Native extension for WindowsStandalone target not found
Refreshing native plugins compatible for Editor in 0.32 ms, found 2 plugins.
Preloading 0 native plugins for Editor in 0.00 ms.
Mono: successfully reloaded assembly
- Completed reload, in  4.093 seconds
Domain Reload Profiling:
	ReloadAssembly (4097ms)
		BeginReloadAssembly (156ms)
			ExecutionOrderSort (0ms)
			DisableScriptedObjects (5ms)
			BackupInstance (0ms)
			ReleaseScriptingObjects (0ms)
			CreateAndSetChildDomain (19ms)
		EndReloadAssembly (3882ms)
			LoadAssemblies (1437ms)
			RebuildTransferFunctionScriptingTraits (0ms)
			SetupTypeCache (1068ms)
			ReleaseScriptCaches (0ms)
			RebuildScriptCaches (53ms)
			SetupLoadedEditorAssemblies (1225ms)
				LogAssemblyErrors (0ms)
				InitializePlatformSupportModulesInManaged (4ms)
				SetLoadedEditorAssemblies (1ms)
				RefreshPlugins (0ms)
				BeforeProcessingInitializeOnLoad (85ms)
				ProcessInitializeOnLoadAttributes (408ms)
				ProcessInitializeOnLoadMethodAttributes (724ms)
				AfterProcessingInitializeOnLoad (2ms)
				EditorAssembliesLoaded (0ms)
			ExecutionOrderSort2 (0ms)
			AwakeInstancesAfterBackupRestoration (7ms)
Platform modules already initialized, skipping
========================================================================
Worker process is ready to serve import requests
Launched and connected shader compiler UnityShaderCompiler.exe after 0.11 seconds
Refreshing native plugins compatible for Editor in 0.36 ms, found 2 plugins.
Preloading 0 native plugins for Editor in 0.00 ms.
Unloading 1525 Unused Serialized files (Serialized files now loaded: 0)
System memory in use before: 71.2 MB.
System memory in use after: 71.3 MB.

Unloading 19 unused Assets to reduce memory usage. Loaded Objects now: 1957.
Total: 2.784200 ms (FindLiveObjects: 0.124900 ms CreateObjectMapping: 0.047900 ms MarkObjects: 2.506900 ms  DeleteObjects: 0.103500 ms)

AssetImportParameters requested are different than current active one (requested -> active):
  custom:framework-win-MediaFoundation: 216162199b28c13a410421893ffa2e32 -> 
  custom:video-decoder-ogg-theora: a1e56fd34408186e4bbccfd4996cb3dc -> 
  custom:container-muxer-webm: aa71ff27fc2769a1b78a27578f13a17b -> 
  custom:container-demuxer-webm: 4f35f7cbe854078d1ac9338744f61a02 -> 
  custom:container-demuxer-ogg: 62fdf1f143b41e24485cea50d1cbac27 -> 
  custom:video-encoder-webm-vp8: eb34c28f22e8b96e1ab97ce403110664 -> 
  custom:video-decoder-webm-vp8: 9c59270c3fd7afecdb556c50c9e8de78 -> 
  custom:audio-decoder-ogg-vorbis: bf7c407c2cedff20999df2af8eb42d56 -> 
  custom:audio-encoder-webm-vorbis: bf7c407c2cedff20999df2af8eb42d56 -> 
========================================================================
Received Import Request.
  path: Assets/Core/Animations/Not So Scary Zombie Pack/walking.fbx
  artifactKey: Guid(b65636bd0c4294a4eba968dff4fdda7d) Importer(815301076,1909f56bfc062723c751e8b465ee728b)
Start importing Assets/Core/Animations/Not So Scary Zombie Pack/walking.fbx using Guid(b65636bd0c4294a4eba968dff4fdda7d) Importer(815301076,1909f56bfc062723c751e8b465ee728b)  -> (artifact id: '83bb622fd84394f7955c4218d8fb9980') in 0.068775 seconds 
  Import took 0.071662 seconds .

========================================================================
Received Import Request.
  Time since last request: 7.090681 seconds.
  path: Assets/Core/Animations/Not So Scary Zombie Pack/walking (2).fbx
  artifactKey: Guid(88e1c7059dc957347a69c896529d7653) Importer(815301076,1909f56bfc062723c751e8b465ee728b)
Start importing Assets/Core/Animations/Not So Scary Zombie Pack/walking (2).fbx using Guid(88e1c7059dc957347a69c896529d7653) Importer(815301076,1909f56bfc062723c751e8b465ee728b)  -> (artifact id: 'ca38077549bd63d388c42ed46d38b8ef') in 0.016084 seconds 
  Import took 0.019982 seconds .

========================================================================
Received Import Request.
  Time since last request: 15.611435 seconds.
  path: Assets/Core/Animations/Not So Scary Zombie Pack/zombie agonizing.fbx
  artifactKey: Guid(865b153d47ce34a4c89b8dafe217d72e) Importer(815301076,1909f56bfc062723c751e8b465ee728b)
Start importing Assets/Core/Animations/Not So Scary Zombie Pack/zombie agonizing.fbx using Guid(865b153d47ce34a4c89b8dafe217d72e) Importer(815301076,1909f56bfc062723c751e8b465ee728b)  -> (artifact id: 'c109820830e409e3e785551369b3f11c') in 0.014759 seconds 
  Import took 0.017545 seconds .

========================================================================
Received Import Request.
  Time since last request: 4.392339 seconds.
  path: Assets/Core/Animations/Not So Scary Zombie Pack/zombie attack.fbx
  artifactKey: Guid(7ba56b943432c3846b7de860915c2e8f) Importer(815301076,1909f56bfc062723c751e8b465ee728b)
Start importing Assets/Core/Animations/Not So Scary Zombie Pack/zombie attack.fbx using Guid(7ba56b943432c3846b7de860915c2e8f) Importer(815301076,1909f56bfc062723c751e8b465ee728b)  -> (artifact id: 'aa0de358dcbf1c78f97dc1554333a4e0') in 0.019570 seconds 
  Import took 0.022883 seconds .

========================================================================
Received Import Request.
  Time since last request: 3.568960 seconds.
  path: Assets/Core/Animations/Not So Scary Zombie Pack/zombie headbutt.fbx
  artifactKey: Guid(73bad09a047679541804b0fe72d51b51) Importer(815301076,1909f56bfc062723c751e8b465ee728b)
Start importing Assets/Core/Animations/Not So Scary Zombie Pack/zombie headbutt.fbx using Guid(73bad09a047679541804b0fe72d51b51) Importer(815301076,1909f56bfc062723c751e8b465ee728b)  -> (artifact id: '498b514474e81d3c636b272089fc11a9') in 0.014254 seconds 
  Import took 0.017309 seconds .

========================================================================
Received Import Request.
  Time since last request: 3.499951 seconds.
  path: Assets/Core/Animations/Not So Scary Zombie Pack/zombie idle (2).fbx
  artifactKey: Guid(a34e30f95173c1943aba4c3652380adf) Importer(815301076,1909f56bfc062723c751e8b465ee728b)
Start importing Assets/Core/Animations/Not So Scary Zombie Pack/zombie idle (2).fbx using Guid(a34e30f95173c1943aba4c3652380adf) Importer(815301076,1909f56bfc062723c751e8b465ee728b)  -> (artifact id: '134a9a64889f56e108048d3d0187cb00') in 0.015775 seconds 
  Import took 0.018780 seconds .

========================================================================
Received Import Request.
  Time since last request: 3.431026 seconds.
  path: Assets/Core/Animations/Not So Scary Zombie Pack/zombie idle.fbx
  artifactKey: Guid(4d94a05ee7d1bc740b3bc4b0437f6ee6) Importer(815301076,1909f56bfc062723c751e8b465ee728b)
Start importing Assets/Core/Animations/Not So Scary Zombie Pack/zombie idle.fbx using Guid(4d94a05ee7d1bc740b3bc4b0437f6ee6) Importer(815301076,1909f56bfc062723c751e8b465ee728b)  -> (artifact id: '588aa74d74eb2f376d62f6ed6c506fc1') in 0.014447 seconds 
  Import took 0.017471 seconds .

========================================================================
Received Import Request.
  Time since last request: 0.835511 seconds.
  path: Assets/Core/Animations/Not So Scary Zombie Pack/zombie kicking (2).fbx
  artifactKey: Guid(3829a9a6d3040d04cb58dd641ab2f98a) Importer(815301076,1909f56bfc062723c751e8b465ee728b)
Start importing Assets/Core/Animations/Not So Scary Zombie Pack/zombie kicking (2).fbx using Guid(3829a9a6d3040d04cb58dd641ab2f98a) Importer(815301076,1909f56bfc062723c751e8b465ee728b)  -> (artifact id: '401bbe4266d3da66d28618bdc982ad16') in 0.012953 seconds 
  Import took 0.016096 seconds .

========================================================================
Received Import Request.
  Time since last request: 3.622413 seconds.
  path: Assets/Core/Animations/Not So Scary Zombie Pack/zombie punching (2).fbx
  artifactKey: Guid(86481a9006f8d9f4d8e207189080352c) Importer(815301076,1909f56bfc062723c751e8b465ee728b)
Start importing Assets/Core/Animations/Not So Scary Zombie Pack/zombie punching (2).fbx using Guid(86481a9006f8d9f4d8e207189080352c) Importer(815301076,1909f56bfc062723c751e8b465ee728b)  -> (artifact id: 'e0145ff7396fc3d623c8af4d0bdb16ac') in 0.013915 seconds 
  Import took 0.018045 seconds .

========================================================================
Received Import Request.
  Time since last request: 4.308448 seconds.
  path: Assets/Core/Animations/Not So Scary Zombie Pack/zombie punching.fbx
  artifactKey: Guid(9e9120943a1bcd440afc658aafc6eee3) Importer(815301076,1909f56bfc062723c751e8b465ee728b)
Start importing Assets/Core/Animations/Not So Scary Zombie Pack/zombie punching.fbx using Guid(9e9120943a1bcd440afc658aafc6eee3) Importer(815301076,1909f56bfc062723c751e8b465ee728b)  -> (artifact id: '06e997293261f91cd6fa7aa321f44441') in 0.012563 seconds 
  Import took 0.015441 seconds .

========================================================================
Received Import Request.
  Time since last request: 3.352943 seconds.
  path: Assets/Core/Animations/Not So Scary Zombie Pack/zombie reaction hit (2).fbx
  artifactKey: Guid(cf1f66deee4e49f49bb9186a65c542b1) Importer(815301076,1909f56bfc062723c751e8b465ee728b)
Start importing Assets/Core/Animations/Not So Scary Zombie Pack/zombie reaction hit (2).fbx using Guid(cf1f66deee4e49f49bb9186a65c542b1) Importer(815301076,1909f56bfc062723c751e8b465ee728b)  -> (artifact id: '51650a2aa6cdeaab9d65f9a6106c14ac') in 0.013087 seconds 
  Import took 0.016415 seconds .

========================================================================
Received Import Request.
  Time since last request: 2.757972 seconds.
  path: Assets/Core/Animations/Not So Scary Zombie Pack/zombie running.fbx
  artifactKey: Guid(43e5fcfe0a194fb408fd64b434c803ad) Importer(815301076,1909f56bfc062723c751e8b465ee728b)
Start importing Assets/Core/Animations/Not So Scary Zombie Pack/zombie running.fbx using Guid(43e5fcfe0a194fb408fd64b434c803ad) Importer(815301076,1909f56bfc062723c751e8b465ee728b)  -> (artifact id: '56a206fe9d9b6bacdb34fa0776f4368c') in 0.013150 seconds 
  Import took 0.016296 seconds .

========================================================================
Received Import Request.
  Time since last request: 2.961615 seconds.
  path: Assets/Core/Animations/Not So Scary Zombie Pack/zombie scratch idle.fbx
  artifactKey: Guid(41da8d2e9edfb3e469ee594b1d4ca619) Importer(815301076,1909f56bfc062723c751e8b465ee728b)
Start importing Assets/Core/Animations/Not So Scary Zombie Pack/zombie scratch idle.fbx using Guid(41da8d2e9edfb3e469ee594b1d4ca619) Importer(815301076,1909f56bfc062723c751e8b465ee728b)  -> (artifact id: '6ee5a314881f155ed7b6ccdf51a3e403') in 0.013253 seconds 
  Import took 0.016740 seconds .

========================================================================
Received Import Request.
  Time since last request: 6.268995 seconds.
  path: Assets/Core/Animations/Not So Scary Zombie Pack/zombie stumbling.fbx
  artifactKey: Guid(8cda112d779a6764496537b622083734) Importer(815301076,1909f56bfc062723c751e8b465ee728b)
Start importing Assets/Core/Animations/Not So Scary Zombie Pack/zombie stumbling.fbx using Guid(8cda112d779a6764496537b622083734) Importer(815301076,1909f56bfc062723c751e8b465ee728b)  -> (artifact id: '2f5dbd950754bc692afe5770219f188f') in 0.013268 seconds 
  Import took 0.016231 seconds .

========================================================================
Received Import Request.
  Time since last request: 4.496067 seconds.
  path: Assets/Core/Animations/Not So Scary Zombie Pack/zombie transition (2).fbx
  artifactKey: Guid(4f2dd11e28a9eb543b9c07d33fa5c2b3) Importer(815301076,1909f56bfc062723c751e8b465ee728b)
Start importing Assets/Core/Animations/Not So Scary Zombie Pack/zombie transition (2).fbx using Guid(4f2dd11e28a9eb543b9c07d33fa5c2b3) Importer(815301076,1909f56bfc062723c751e8b465ee728b)  -> (artifact id: '84fdb2cb50ff2f507b6e049031807738') in 0.013925 seconds 
  Import took 0.016850 seconds .

========================================================================
Received Import Request.
  Time since last request: 8.136567 seconds.
  path: Assets/Core/Animations/Not So Scary Zombie Pack/zombie transition.fbx
  artifactKey: Guid(e0842e52dfca73e4d81a4ffeeea0cf15) Importer(815301076,1909f56bfc062723c751e8b465ee728b)
Start importing Assets/Core/Animations/Not So Scary Zombie Pack/zombie transition.fbx using Guid(e0842e52dfca73e4d81a4ffeeea0cf15) Importer(815301076,1909f56bfc062723c751e8b465ee728b)  -> (artifact id: 'b7d2d3a6624649d54304c2c0e0c8dd6c') in 0.026612 seconds 
  Import took 0.029870 seconds .

========================================================================
Received Import Request.
  Time since last request: 4.103662 seconds.
  path: Assets/Core/Animations/Not So Scary Zombie Pack/zombie turn.fbx
  artifactKey: Guid(5db59703f465fca438562ae7bb3a689b) Importer(815301076,1909f56bfc062723c751e8b465ee728b)
Start importing Assets/Core/Animations/Not So Scary Zombie Pack/zombie turn.fbx using Guid(5db59703f465fca438562ae7bb3a689b) Importer(815301076,1909f56bfc062723c751e8b465ee728b)  -> (artifact id: '72aac47e05b7aa86027c1271297f95dc') in 0.011372 seconds 
  Import took 0.014966 seconds .

========================================================================
Received Import Request.
  Time since last request: 50.021397 seconds.
  path: Assets/Core/Animations/remy@Dying (1).fbx
  artifactKey: Guid(9f1b7dc080979804c91340374dea840b) Importer(815301076,1909f56bfc062723c751e8b465ee728b)
Start importing Assets/Core/Animations/remy@Dying (1).fbx using Guid(9f1b7dc080979804c91340374dea840b) Importer(815301076,1909f56bfc062723c751e8b465ee728b)  -> (artifact id: 'd62269cd1d906c1780437aee34b5e0f7') in 0.012202 seconds 
  Import took 0.017880 seconds .

========================================================================
Received Import Request.
  Time since last request: 24.335796 seconds.
  path: Assets/Core/Animations/remy@Dying (1).fbx
  artifactKey: Guid(9f1b7dc080979804c91340374dea840b) Importer(815301076,1909f56bfc062723c751e8b465ee728b)
Start importing Assets/Core/Animations/remy@Dying (1).fbx using Guid(9f1b7dc080979804c91340374dea840b) Importer(815301076,1909f56bfc062723c751e8b465ee728b)  -> (artifact id: 'a8c92f0cb66ee7673c491976ef769929') in 0.007500 seconds 
  Import took 0.011511 seconds .

========================================================================
Received Import Request.
  Time since last request: 11.517981 seconds.
  path: Assets/Core/Animations/remy@Dying.fbx
  artifactKey: Guid(87b0f028abcdd2447b939304b6881a1a) Importer(815301076,1909f56bfc062723c751e8b465ee728b)
Start importing Assets/Core/Animations/remy@Dying.fbx using Guid(87b0f028abcdd2447b939304b6881a1a) Importer(815301076,1909f56bfc062723c751e8b465ee728b)  -> (artifact id: 'c9c3b03e8c772b73dc6c00bf7a264698') in 0.013248 seconds 
  Import took 0.016249 seconds .

========================================================================
Received Import Request.
  Time since last request: 6.307825 seconds.
  path: Assets/Core/Animations/remy@Fast Run.fbx
  artifactKey: Guid(826748254082b904ab5b7bbf3f2513e3) Importer(815301076,1909f56bfc062723c751e8b465ee728b)
Start importing Assets/Core/Animations/remy@Fast Run.fbx using Guid(826748254082b904ab5b7bbf3f2513e3) Importer(815301076,1909f56bfc062723c751e8b465ee728b)  -> (artifact id: 'a9dc3a8b5271ad88aaf94d68c3542913') in 0.012458 seconds 
  Import took 0.015985 seconds .

========================================================================
Received Import Request.
  Time since last request: 7.088747 seconds.
  path: Assets/Core/Animations/remy@Fist Fight A.fbx
  artifactKey: Guid(dd8078ce30f0b6c499c1419e7e677565) Importer(815301076,1909f56bfc062723c751e8b465ee728b)
Start importing Assets/Core/Animations/remy@Fist Fight A.fbx using Guid(dd8078ce30f0b6c499c1419e7e677565) Importer(815301076,1909f56bfc062723c751e8b465ee728b)  -> (artifact id: 'fb758d54080c96073e5aba2920392cc3') in 0.015121 seconds 
  Import took 0.018347 seconds .

========================================================================
Received Import Request.
  Time since last request: 6.684515 seconds.
  path: Assets/Core/Animations/remy@Fist Fight B.fbx
  artifactKey: Guid(388747ae643db274aa0a1e6ad77c06f7) Importer(815301076,1909f56bfc062723c751e8b465ee728b)
Start importing Assets/Core/Animations/remy@Fist Fight B.fbx using Guid(388747ae643db274aa0a1e6ad77c06f7) Importer(815301076,1909f56bfc062723c751e8b465ee728b)  -> (artifact id: '7aa584fb499a54a43373651022f217c9') in 0.012492 seconds 
  Import took 0.015590 seconds .

========================================================================
Received Import Request.
  Time since last request: 0.428956 seconds.
  path: Assets/Core/Animations/remy@Running (1).fbx
  artifactKey: Guid(73fda15e900c9cc4882a7317f3e3e392) Importer(815301076,1909f56bfc062723c751e8b465ee728b)
Start importing Assets/Core/Animations/remy@Running (1).fbx using Guid(73fda15e900c9cc4882a7317f3e3e392) Importer(815301076,1909f56bfc062723c751e8b465ee728b)  -> (artifact id: '42ec6b3c823185805a30f66fd56381be') in 0.575356 seconds 
  Import took 0.579342 seconds .

========================================================================
Received Import Request.
  Time since last request: 9.445480 seconds.
  path: Assets/Core/Animations/remy@Running (2).fbx
  artifactKey: Guid(1c8de568ae0af9742a43c0308dc104b4) Importer(815301076,1909f56bfc062723c751e8b465ee728b)
Start importing Assets/Core/Animations/remy@Running (2).fbx using Guid(1c8de568ae0af9742a43c0308dc104b4) Importer(815301076,1909f56bfc062723c751e8b465ee728b)  -> (artifact id: '9f5a78d13765876d5bbffd33b29ba56e') in 0.013979 seconds 
  Import took 0.017277 seconds .

========================================================================
Received Import Request.
  Time since last request: 14.917498 seconds.
  path: Assets/Core/Animations/remy@Running To Turn.fbx
  artifactKey: Guid(aabb1e891d5958440b36c502a817e0d2) Importer(815301076,1909f56bfc062723c751e8b465ee728b)
Start importing Assets/Core/Animations/remy@Running To Turn.fbx using Guid(aabb1e891d5958440b36c502a817e0d2) Importer(815301076,1909f56bfc062723c751e8b465ee728b)  -> (artifact id: '1cbc0e89cf5dd70e4b1a741dbb8c79f6') in 0.014337 seconds 
  Import took 0.017932 seconds .

========================================================================
Received Import Request.
  Time since last request: 353.090847 seconds.
  path: Assets/Core/Animations/remy@Fast Run.fbx
  artifactKey: Guid(826748254082b904ab5b7bbf3f2513e3) Importer(815301076,1909f56bfc062723c751e8b465ee728b)
Start importing Assets/Core/Animations/remy@Fast Run.fbx using Guid(826748254082b904ab5b7bbf3f2513e3) Importer(815301076,1909f56bfc062723c751e8b465ee728b)  -> (artifact id: '15bcdab22a84337e82c67cde9f0d6fdc') in 0.014871 seconds 
  Import took 0.018842 seconds .

========================================================================
Received Import Request.
  Time since last request: 111.702242 seconds.
  path: Assets/Core/Animations/remy@Running.fbx
  artifactKey: Guid(038885a6cb618ab45b89a1aaac50c49d) Importer(815301076,1909f56bfc062723c751e8b465ee728b)
Start importing Assets/Core/Animations/remy@Running.fbx using Guid(038885a6cb618ab45b89a1aaac50c49d) Importer(815301076,1909f56bfc062723c751e8b465ee728b)  -> (artifact id: '282b34f5ab8da30da9b409b884c77ada') in 0.013810 seconds 
  Import took 0.017662 seconds .

========================================================================
Received Import Request.
  Time since last request: 0.646247 seconds.
  path: Assets/Core/Animations/remy@Stunned.fbx
  artifactKey: Guid(922ebfc9c3cfba74b91b4cd3585605a5) Importer(815301076,1909f56bfc062723c751e8b465ee728b)
Start importing Assets/Core/Animations/remy@Stunned.fbx using Guid(922ebfc9c3cfba74b91b4cd3585605a5) Importer(815301076,1909f56bfc062723c751e8b465ee728b)  -> (artifact id: 'aa0ca18842e5905684a5cfe4ecbde3f1') in 0.030642 seconds 
  Import took 0.034749 seconds .

========================================================================
Received Import Request.
  Time since last request: 142.930046 seconds.
  path: Assets/Core/Scenes/FinaleFight.unity
  artifactKey: Guid(3f0cfa0439cbf184da79eaa0c0972957) Importer(815301076,1909f56bfc062723c751e8b465ee728b)
Start importing Assets/Core/Scenes/FinaleFight.unity using Guid(3f0cfa0439cbf184da79eaa0c0972957) Importer(815301076,1909f56bfc062723c751e8b465ee728b)  -> (artifact id: 'e51b72dc4dc474e17a22a111aee0f1fe') in 0.007334 seconds 
  Import took 0.010564 seconds .

========================================================================
Received Import Request.
  Time since last request: 3.852238 seconds.
  path: Assets/Core/Scenes/MainPlay.unity
  artifactKey: Guid(9fc0d4010bbf28b4594072e72b8655ab) Importer(815301076,1909f56bfc062723c751e8b465ee728b)
Start importing Assets/Core/Scenes/MainPlay.unity using Guid(9fc0d4010bbf28b4594072e72b8655ab) Importer(815301076,1909f56bfc062723c751e8b465ee728b)  -> (artifact id: '46477713a73078d1eebeca41ec3fbfbd') in 0.006989 seconds 
  Import took 0.009630 seconds .

========================================================================
Received Import Request.
  Time since last request: 202.761878 seconds.
  path: Assets/Core/Animations/Controllers/HuggyController.controller
  artifactKey: Guid(13350cc8a36ad8c45824e977f9f4d4c5) Importer(815301076,1909f56bfc062723c751e8b465ee728b)
Start importing Assets/Core/Animations/Controllers/HuggyController.controller using Guid(13350cc8a36ad8c45824e977f9f4d4c5) Importer(815301076,1909f56bfc062723c751e8b465ee728b)  -> (artifact id: '46c36f7c3cd6ab0df87d249f81b43a7f') in 0.033961 seconds 
  Import took 0.037071 seconds .

========================================================================
Received Import Request.
  Time since last request: 0.777419 seconds.
  path: Assets/Core/Animations/Controllers/PlayerController.controller
  artifactKey: Guid(79cd82fdecd7ef840b71c317945144b6) Importer(815301076,1909f56bfc062723c751e8b465ee728b)
Start importing Assets/Core/Animations/Controllers/PlayerController.controller using Guid(79cd82fdecd7ef840b71c317945144b6) Importer(815301076,1909f56bfc062723c751e8b465ee728b)  -> (artifact id: '34c93a6c3005587298fdf6e7a4817593') in 0.013866 seconds 
  Import took 0.017288 seconds .

========================================================================
Received Import Request.
  Time since last request: 27.103562 seconds.
  path: Assets/Core/Animations/Controllers/HuggyController2.controller
  artifactKey: Guid(74111abc848b40b468f8c6d00063b633) Importer(815301076,1909f56bfc062723c751e8b465ee728b)
Start importing Assets/Core/Animations/Controllers/HuggyController2.controller using Guid(74111abc848b40b468f8c6d00063b633) Importer(815301076,1909f56bfc062723c751e8b465ee728b)  -> (artifact id: 'f17b0f63c942a3135514eac8db27dede') in 0.007833 seconds 
  Import took 0.010645 seconds .

========================================================================
Received Import Request.
  Time since last request: 17.166138 seconds.
  path: Assets/Core/Animations/Controllers/PlayerController2.controller
  artifactKey: Guid(e54a8fa7344bcf647a249e0504484c5f) Importer(815301076,1909f56bfc062723c751e8b465ee728b)
Start importing Assets/Core/Animations/Controllers/PlayerController2.controller using Guid(e54a8fa7344bcf647a249e0504484c5f) Importer(815301076,1909f56bfc062723c751e8b465ee728b)  -> (artifact id: '8591c998850a6958ebffb64ed452415b') in 0.007955 seconds 
  Import took 0.010619 seconds .

========================================================================
Received Import Request.
  Time since last request: 209.016097 seconds.
  path: Assets/Core/Animations/remy@Zombie Biting (1).fbx
  artifactKey: Guid(5a572603b81b459428acd740eb48fe1d) Importer(815301076,1909f56bfc062723c751e8b465ee728b)
Start importing Assets/Core/Animations/remy@Zombie Biting (1).fbx using Guid(5a572603b81b459428acd740eb48fe1d) Importer(815301076,1909f56bfc062723c751e8b465ee728b)  -> (artifact id: 'dafbc9e0abad63f1c3270989f7e686e6') in 0.011754 seconds 
  Import took 0.015390 seconds .

========================================================================
Received Import Request.
  Time since last request: 3.528885 seconds.
  path: Assets/Core/Animations/remy@Zombie Biting.fbx
  artifactKey: Guid(3c617d26bbc02c341b2426417bcd78d9) Importer(815301076,1909f56bfc062723c751e8b465ee728b)
Start importing Assets/Core/Animations/remy@Zombie Biting.fbx using Guid(3c617d26bbc02c341b2426417bcd78d9) Importer(815301076,1909f56bfc062723c751e8b465ee728b)  -> (artifact id: 'df6659924db494c334192f64134c25a7') in 0.013909 seconds 
  Import took 0.017493 seconds .

========================================================================
Received Import Request.
  Time since last request: 2.319408 seconds.
  path: Assets/Core/Animations/remy@Zombie Run.fbx
  artifactKey: Guid(8ba14f58341cf4d4b97657b906d38e06) Importer(815301076,1909f56bfc062723c751e8b465ee728b)
Start importing Assets/Core/Animations/remy@Zombie Run.fbx using Guid(8ba14f58341cf4d4b97657b906d38e06) Importer(815301076,1909f56bfc062723c751e8b465ee728b)  -> (artifact id: '3ab7f7ed85dc589aa713cc7eb734eecd') in 0.022457 seconds 
  Import took 0.026204 seconds .

========================================================================
Received Prepare
Registering precompiled user dll's ...
Registered in 0.003021 seconds.
Begin MonoManager ReloadAssembly
Native extension for WindowsStandalone target not found
Refreshing native plugins compatible for Editor in 0.33 ms, found 2 plugins.
Preloading 0 native plugins for Editor in 0.00 ms.
Mono: successfully reloaded assembly
- Completed reload, in  1.440 seconds
Domain Reload Profiling:
	ReloadAssembly (1441ms)
		BeginReloadAssembly (142ms)
			ExecutionOrderSort (0ms)
			DisableScriptedObjects (4ms)
			BackupInstance (0ms)
			ReleaseScriptingObjects (0ms)
			CreateAndSetChildDomain (47ms)
		EndReloadAssembly (1217ms)
			LoadAssemblies (120ms)
			RebuildTransferFunctionScriptingTraits (0ms)
			SetupTypeCache (428ms)
			ReleaseScriptCaches (2ms)
			RebuildScriptCaches (73ms)
			SetupLoadedEditorAssemblies (421ms)
				LogAssemblyErrors (0ms)
				InitializePlatformSupportModulesInManaged (5ms)
				SetLoadedEditorAssemblies (1ms)
				RefreshPlugins (0ms)
				BeforeProcessingInitializeOnLoad (110ms)
				ProcessInitializeOnLoadAttributes (289ms)
				ProcessInitializeOnLoadMethodAttributes (13ms)
				AfterProcessingInitializeOnLoad (2ms)
				EditorAssembliesLoaded (0ms)
			ExecutionOrderSort2 (0ms)
			AwakeInstancesAfterBackupRestoration (14ms)
Platform modules already initialized, skipping
Switching build target platform(19) subTarget(0) extendedPlatform(0) -> platform(13) subTarget(537395200) extendedPlatform(0)
Refreshing native plugins compatible for Editor in 0.39 ms, found 2 plugins.
Preloading 0 native plugins for Editor in 0.00 ms.
Unloading 1509 Unused Serialized files (Serialized files now loaded: 0)
System memory in use before: 87.4 MB.
System memory in use after: 87.5 MB.

Unloading 14 unused Assets to reduce memory usage. Loaded Objects now: 2003.
Total: 2.864200 ms (FindLiveObjects: 0.204000 ms CreateObjectMapping: 0.071900 ms MarkObjects: 2.558400 ms  DeleteObjects: 0.029000 ms)

AssetImportParameters requested are different than current active one (requested -> active):
  custom:framework-win-MediaFoundation: 216162199b28c13a410421893ffa2e32 -> 
  custom:video-decoder-ogg-theora: a1e56fd34408186e4bbccfd4996cb3dc -> 
  custom:container-muxer-webm: aa71ff27fc2769a1b78a27578f13a17b -> 
  custom:container-demuxer-webm: 4f35f7cbe854078d1ac9338744f61a02 -> 
  custom:container-demuxer-ogg: 62fdf1f143b41e24485cea50d1cbac27 -> 
  custom:video-encoder-webm-vp8: eb34c28f22e8b96e1ab97ce403110664 -> 
  custom:video-decoder-webm-vp8: 9c59270c3fd7afecdb556c50c9e8de78 -> 
  custom:graphics/normal-map-encoding: 01000000000000000000000000000000 -> 02000000000000000000000000000000
  custom:audio-decoder-ogg-vorbis: bf7c407c2cedff20999df2af8eb42d56 -> 
  custom:audio-encoder-webm-vorbis: bf7c407c2cedff20999df2af8eb42d56 -> 
========================================================================
Received Import Request.
  Time since last request: 327.567250 seconds.
  path: Assets/Core/Animations/remy@Zombie Neck Bite.fbx
  artifactKey: Guid(c2e55dc37f6dd7f4187081ce96de0c26) Importer(815301076,1909f56bfc062723c751e8b465ee728b)
Start importing Assets/Core/Animations/remy@Zombie Neck Bite.fbx using Guid(c2e55dc37f6dd7f4187081ce96de0c26) Importer(815301076,1909f56bfc062723c751e8b465ee728b)  -> (artifact id: '86d197d7b717cb51ac2f263dcd3e6605') in 0.055140 seconds 
  Import took 0.058293 seconds .

========================================================================
Received Prepare
Registering precompiled user dll's ...
Registered in 0.004935 seconds.
Begin MonoManager ReloadAssembly
Native extension for WindowsStandalone target not found
Refreshing native plugins compatible for Editor in 0.47 ms, found 2 plugins.
Preloading 0 native plugins for Editor in 0.00 ms.
Mono: successfully reloaded assembly
- Completed reload, in  1.314 seconds
Domain Reload Profiling:
	ReloadAssembly (1315ms)
		BeginReloadAssembly (127ms)
			ExecutionOrderSort (0ms)
			DisableScriptedObjects (7ms)
			BackupInstance (0ms)
			ReleaseScriptingObjects (0ms)
			CreateAndSetChildDomain (36ms)
		EndReloadAssembly (1120ms)
			LoadAssemblies (100ms)
			RebuildTransferFunctionScriptingTraits (0ms)
			SetupTypeCache (352ms)
			ReleaseScriptCaches (1ms)
			RebuildScriptCaches (74ms)
			SetupLoadedEditorAssemblies (419ms)
				LogAssemblyErrors (0ms)
				InitializePlatformSupportModulesInManaged (8ms)
				SetLoadedEditorAssemblies (1ms)
				RefreshPlugins (1ms)
				BeforeProcessingInitializeOnLoad (96ms)
				ProcessInitializeOnLoadAttributes (295ms)
				ProcessInitializeOnLoadMethodAttributes (16ms)
				AfterProcessingInitializeOnLoad (2ms)
				EditorAssembliesLoaded (0ms)
			ExecutionOrderSort2 (0ms)
			AwakeInstancesAfterBackupRestoration (12ms)
Platform modules already initialized, skipping
Switching build target platform(19) subTarget(0) extendedPlatform(0) -> platform(13) subTarget(537395200) extendedPlatform(0)
Refreshing native plugins compatible for Editor in 0.53 ms, found 2 plugins.
Preloading 0 native plugins for Editor in 0.00 ms.
Unloading 1509 Unused Serialized files (Serialized files now loaded: 0)
System memory in use before: 87.4 MB.
System memory in use after: 87.5 MB.

Unloading 14 unused Assets to reduce memory usage. Loaded Objects now: 2005.
Total: 3.246400 ms (FindLiveObjects: 0.140800 ms CreateObjectMapping: 0.057700 ms MarkObjects: 3.030100 ms  DeleteObjects: 0.016700 ms)

AssetImportParameters requested are different than current active one (requested -> active):
  custom:framework-win-MediaFoundation: 216162199b28c13a410421893ffa2e32 -> 
  custom:video-decoder-ogg-theora: a1e56fd34408186e4bbccfd4996cb3dc -> 
  custom:container-muxer-webm: aa71ff27fc2769a1b78a27578f13a17b -> 
  custom:container-demuxer-webm: 4f35f7cbe854078d1ac9338744f61a02 -> 
  custom:container-demuxer-ogg: 62fdf1f143b41e24485cea50d1cbac27 -> 
  custom:video-encoder-webm-vp8: eb34c28f22e8b96e1ab97ce403110664 -> 
  custom:video-decoder-webm-vp8: 9c59270c3fd7afecdb556c50c9e8de78 -> 
  custom:graphics/normal-map-encoding: 01000000000000000000000000000000 -> 02000000000000000000000000000000
  custom:audio-decoder-ogg-vorbis: bf7c407c2cedff20999df2af8eb42d56 -> 
  custom:audio-encoder-webm-vorbis: bf7c407c2cedff20999df2af8eb42d56 -> 
========================================================================
Received Import Request.
  Time since last request: 7.518849 seconds.
  path: Assets/Core/Animations/remy@Zombie Neck Bite.fbx
  artifactKey: Guid(c2e55dc37f6dd7f4187081ce96de0c26) Importer(815301076,1909f56bfc062723c751e8b465ee728b)
Start importing Assets/Core/Animations/remy@Zombie Neck Bite.fbx using Guid(c2e55dc37f6dd7f4187081ce96de0c26) Importer(815301076,1909f56bfc062723c751e8b465ee728b)  -> (artifact id: '4f2c0afc52b0a9d093eb2da114da0f85') in 0.046637 seconds 
  Import took 0.050840 seconds .

========================================================================
Received Prepare
Registering precompiled user dll's ...
Registered in 0.818657 seconds.
Begin MonoManager ReloadAssembly
Native extension for WindowsStandalone target not found
Refreshing native plugins compatible for Editor in 0.33 ms, found 2 plugins.
Preloading 0 native plugins for Editor in 0.00 ms.
Mono: successfully reloaded assembly
- Completed reload, in  7.886 seconds
Domain Reload Profiling:
	ReloadAssembly (7886ms)
		BeginReloadAssembly (3354ms)
			ExecutionOrderSort (0ms)
			DisableScriptedObjects (5ms)
			BackupInstance (0ms)
			ReleaseScriptingObjects (0ms)
			CreateAndSetChildDomain (32ms)
		EndReloadAssembly (4472ms)
			LoadAssemblies (4895ms)
			RebuildTransferFunctionScriptingTraits (0ms)
			SetupTypeCache (1445ms)
			ReleaseScriptCaches (1ms)
			RebuildScriptCaches (45ms)
			SetupLoadedEditorAssemblies (1161ms)
				LogAssemblyErrors (0ms)
				InitializePlatformSupportModulesInManaged (4ms)
				SetLoadedEditorAssemblies (1ms)
				RefreshPlugins (0ms)
				BeforeProcessingInitializeOnLoad (75ms)
				ProcessInitializeOnLoadAttributes (346ms)
				ProcessInitializeOnLoadMethodAttributes (733ms)
				AfterProcessingInitializeOnLoad (2ms)
				EditorAssembliesLoaded (0ms)
			ExecutionOrderSort2 (0ms)
			AwakeInstancesAfterBackupRestoration (7ms)
Platform modules already initialized, skipping
Switching build target platform(19) subTarget(0) extendedPlatform(0) -> platform(13) subTarget(537395200) extendedPlatform(0)
Refreshing native plugins compatible for Editor in 0.36 ms, found 2 plugins.
Preloading 0 native plugins for Editor in 0.00 ms.
Unloading 1509 Unused Serialized files (Serialized files now loaded: 0)
System memory in use before: 87.4 MB.
System memory in use after: 87.5 MB.

Unloading 14 unused Assets to reduce memory usage. Loaded Objects now: 2007.
Total: 2.826300 ms (FindLiveObjects: 0.148100 ms CreateObjectMapping: 0.050200 ms MarkObjects: 2.591000 ms  DeleteObjects: 0.036000 ms)

AssetImportParameters requested are different than current active one (requested -> active):
  custom:framework-win-MediaFoundation: 216162199b28c13a410421893ffa2e32 -> 
  custom:video-decoder-ogg-theora: a1e56fd34408186e4bbccfd4996cb3dc -> 
  custom:container-muxer-webm: aa71ff27fc2769a1b78a27578f13a17b -> 
  custom:container-demuxer-webm: 4f35f7cbe854078d1ac9338744f61a02 -> 
  custom:container-demuxer-ogg: 62fdf1f143b41e24485cea50d1cbac27 -> 
  custom:video-encoder-webm-vp8: eb34c28f22e8b96e1ab97ce403110664 -> 
  custom:video-decoder-webm-vp8: 9c59270c3fd7afecdb556c50c9e8de78 -> 
  custom:graphics/normal-map-encoding: 01000000000000000000000000000000 -> 02000000000000000000000000000000
  custom:audio-decoder-ogg-vorbis: bf7c407c2cedff20999df2af8eb42d56 -> 
  custom:audio-encoder-webm-vorbis: bf7c407c2cedff20999df2af8eb42d56 -> 
AssetImportWorkerClient::OnTransportError - code=2 error=End of file
